e:\psu\3 семестр\логика\лаба 3 v2.0\consoleapplication1\consoleapplication1\debug\vc140.pdb
e:\psu\3 семестр\логика\лаба 3 v2.0\consoleapplication1\consoleapplication1\debug\vc140.idb
e:\psu\3 семестр\логика\лаба 3 v2.0\consoleapplication1\consoleapplication1\debug\lib.obj
e:\psu\3 семестр\логика\лаба 3 v2.0\consoleapplication1\consoleapplication1\debug\record.obj
e:\psu\3 семестр\логика\лаба 3 v2.0\consoleapplication1\consoleapplication1\debug\source.obj
f:\psu\логика\лаба 3 v2.0\consoleapplication1\consoleapplication1\debug\vc140.pdb
f:\psu\логика\лаба 3 v2.0\consoleapplication1\consoleapplication1\debug\vc140.idb
f:\psu\логика\лаба 3 v2.0\consoleapplication1\consoleapplication1\debug\lib.obj
f:\psu\логика\лаба 3 v2.0\consoleapplication1\consoleapplication1\debug\record.obj
f:\psu\логика\лаба 3 v2.0\consoleapplication1\consoleapplication1\debug\source.obj
e:\psu\3 семестр\логика\лаба 3 v2.0\consoleapplication1\debug\consoleapplication1.ilk
e:\psu\3 семестр\логика\лаба 3 v2.0\consoleapplication1\debug\consoleapplication1.exe
e:\psu\3 семестр\логика\лаба 3 v2.0\consoleapplication1\debug\consoleapplication1.pdb
f:\psu\логика\лаба 3 v2.0\consoleapplication1\debug\consoleapplication1.ilk
f:\psu\логика\лаба 3 v2.0\consoleapplication1\debug\consoleapplication1.exe
f:\psu\логика\лаба 3 v2.0\consoleapplication1\debug\consoleapplication1.pdb
f:\psu\логика\лаба 3 v2.0\consoleapplication1\consoleapplication1\debug\consolea.2beeb942.tlog\cl.command.1.tlog
f:\psu\логика\лаба 3 v2.0\consoleapplication1\consoleapplication1\debug\consolea.2beeb942.tlog\cl.read.1.tlog
f:\psu\логика\лаба 3 v2.0\consoleapplication1\consoleapplication1\debug\consolea.2beeb942.tlog\cl.write.1.tlog
f:\psu\логика\лаба 3 v2.0\consoleapplication1\consoleapplication1\debug\consolea.2beeb942.tlog\link.command.1.tlog
f:\psu\логика\лаба 3 v2.0\consoleapplication1\consoleapplication1\debug\consolea.2beeb942.tlog\link.read.1.tlog
f:\psu\логика\лаба 3 v2.0\consoleapplication1\consoleapplication1\debug\consolea.2beeb942.tlog\link.write.1.tlog
